{"/Users/evaphilippo/dev/cda/projets/AstraLumen/server/src/db.ts": {"path":"/Users/evaphilippo/dev/cda/projets/AstraLumen/server/src/db.ts","statementMap":{"0":{"start":{"line":1,"column":0},"end":{"line":1,"column":36}},"1":{"start":{"line":3,"column":0},"end":{"line":3,"column":28}},"2":{"start":{"line":4,"column":0},"end":{"line":4,"column":16}},"3":{"start":{"line":6,"column":28},"end":{"line":12,"column":2}},"4":{"start":{"line":14,"column":13},"end":{"line":14,"column":50}}},"fnMap":{},"branchMap":{"0":{"loc":{"start":{"line":11,"column":10},"end":{"line":11,"column":68}},"type":"cond-expr","locations":[{"start":{"line":11,"column":32},"end":{"line":11,"column":61}},{"start":{"line":11,"column":64},"end":{"line":11,"column":68}}]}},"s":{"0":2,"1":2,"2":2,"3":2,"4":2},"f":{},"b":{"0":[2,0]}}
,"/Users/evaphilippo/dev/cda/projets/AstraLumen/server/src/controllers/auth.controller.ts": {"path":"/Users/evaphilippo/dev/cda/projets/AstraLumen/server/src/controllers/auth.controller.ts","statementMap":{"0":{"start":{"line":1,"column":0},"end":{"line":1,"column":28}},"1":{"start":{"line":2,"column":0},"end":{"line":2,"column":28}},"2":{"start":{"line":4,"column":0},"end":{"line":4,"column":31}},"3":{"start":{"line":7,"column":0},"end":{"line":7,"column":60}},"4":{"start":{"line":9,"column":0},"end":{"line":9,"column":16}},"5":{"start":{"line":11,"column":14},"end":{"line":56,"column":1}},"6":{"start":{"line":16,"column":2},"end":{"line":55,"column":3}},"7":{"start":{"line":17,"column":32},"end":{"line":17,"column":40}},"8":{"start":{"line":19,"column":4},"end":{"line":22,"column":5}},"9":{"start":{"line":20,"column":6},"end":{"line":20,"column":63}},"10":{"start":{"line":21,"column":6},"end":{"line":21,"column":13}},"11":{"start":{"line":24,"column":18},"end":{"line":24,"column":60}},"12":{"start":{"line":25,"column":17},"end":{"line":25,"column":25}},"13":{"start":{"line":27,"column":4},"end":{"line":30,"column":5}},"14":{"start":{"line":28,"column":6},"end":{"line":28,"column":68}},"15":{"start":{"line":29,"column":6},"end":{"line":29,"column":13}},"16":{"start":{"line":32,"column":28},"end":{"line":32,"column":73}},"17":{"start":{"line":34,"column":4},"end":{"line":37,"column":5}},"18":{"start":{"line":35,"column":6},"end":{"line":35,"column":68}},"19":{"start":{"line":36,"column":6},"end":{"line":36,"column":13}},"20":{"start":{"line":40,"column":18},"end":{"line":43,"column":null}},"21":{"start":{"line":47,"column":4},"end":{"line":50,"column":7}},"22":{"start":{"line":51,"column":4},"end":{"line":51,"column":59}},"23":{"start":{"line":53,"column":4},"end":{"line":53,"column":23}},"24":{"start":{"line":54,"column":4},"end":{"line":54,"column":14}},"25":{"start":{"line":57,"column":11},"end":{"line":59,"column":1}},"26":{"start":{"line":58,"column":2},"end":{"line":58,"column":33}},"27":{"start":{"line":62,"column":23},"end":{"line":62,"column":36}},"28":{"start":{"line":64,"column":0},"end":{"line":64,"column":30}}},"fnMap":{"0":{"name":"(anonymous_1)","decl":{"start":{"line":11,"column":14},"end":{"line":11,"column":19}},"loc":{"start":{"line":15,"column":19},"end":{"line":56,"column":1}}},"1":{"name":"(anonymous_2)","decl":{"start":{"line":57,"column":11},"end":{"line":57,"column":12}},"loc":{"start":{"line":57,"column":47},"end":{"line":59,"column":1}}}},"branchMap":{"0":{"loc":{"start":{"line":19,"column":4},"end":{"line":22,"column":5}},"type":"if","locations":[{"start":{"line":19,"column":4},"end":{"line":22,"column":5}},{"start":{},"end":{}}]},"1":{"loc":{"start":{"line":19,"column":8},"end":{"line":19,"column":27}},"type":"binary-expr","locations":[{"start":{"line":19,"column":8},"end":{"line":19,"column":14}},{"start":{"line":19,"column":18},"end":{"line":19,"column":27}}]},"2":{"loc":{"start":{"line":27,"column":4},"end":{"line":30,"column":5}},"type":"if","locations":[{"start":{"line":27,"column":4},"end":{"line":30,"column":5}},{"start":{},"end":{}}]},"3":{"loc":{"start":{"line":34,"column":4},"end":{"line":37,"column":5}},"type":"if","locations":[{"start":{"line":34,"column":4},"end":{"line":37,"column":5}},{"start":{},"end":{}}]},"4":{"loc":{"start":{"line":42,"column":6},"end":{"line":42,"column":51}},"type":"binary-expr","locations":[{"start":{"line":42,"column":6},"end":{"line":42,"column":28}},{"start":{"line":42,"column":32},"end":{"line":42,"column":51}}]}},"s":{"0":1,"1":1,"2":1,"3":1,"4":1,"5":1,"6":2,"7":2,"8":2,"9":0,"10":0,"11":2,"12":2,"13":2,"14":1,"15":1,"16":1,"17":1,"18":1,"19":1,"20":0,"21":0,"22":0,"23":0,"24":0,"25":1,"26":0,"27":1,"28":1},"f":{"0":2,"1":0},"b":{"0":[0,2],"1":[2,2],"2":[1,1],"3":[1,0],"4":[0,0]}}
,"/Users/evaphilippo/dev/cda/projets/AstraLumen/server/src/controllers/user.controller.ts": {"path":"/Users/evaphilippo/dev/cda/projets/AstraLumen/server/src/controllers/user.controller.ts","statementMap":{"0":{"start":{"line":2,"column":0},"end":{"line":2,"column":28}},"1":{"start":{"line":3,"column":0},"end":{"line":3,"column":60}},"2":{"start":{"line":8,"column":8},"end":{"line":38,"column":9}},"3":{"start":{"line":9,"column":55},"end":{"line":9,"column":63}},"4":{"start":{"line":11,"column":12},"end":{"line":14,"column":13}},"5":{"start":{"line":13,"column":16},"end":{"line":13,"column":null}},"6":{"start":{"line":17,"column":25},"end":{"line":17,"column":76}},"7":{"start":{"line":21,"column":12},"end":{"line":23,"column":13}},"8":{"start":{"line":22,"column":16},"end":{"line":22,"column":null}},"9":{"start":{"line":25,"column":35},"end":{"line":25,"column":66}},"10":{"start":{"line":26,"column":47},"end":{"line":31,"column":14}},"11":{"start":{"line":32,"column":29},"end":{"line":32,"column":65}},"12":{"start":{"line":33,"column":12},"end":{"line":33,"column":null}},"13":{"start":{"line":36,"column":12},"end":{"line":36,"column":null}},"14":{"start":{"line":41,"column":8},"end":{"line":46,"column":9}},"15":{"start":{"line":42,"column":26},"end":{"line":42,"column":56}},"16":{"start":{"line":43,"column":12},"end":{"line":43,"column":null}},"17":{"start":{"line":6,"column":0},"end":{"line":6,"column":21}}},"fnMap":{"0":{"name":"(anonymous_1)","decl":{"start":{"line":7,"column":4},"end":{"line":7,"column":10}},"loc":{"start":{"line":7,"column":51},"end":{"line":39,"column":5}}},"1":{"name":"(anonymous_2)","decl":{"start":{"line":40,"column":4},"end":{"line":40,"column":10}},"loc":{"start":{"line":40,"column":51},"end":{"line":47,"column":5}}}},"branchMap":{"0":{"loc":{"start":{"line":11,"column":12},"end":{"line":14,"column":13}},"type":"if","locations":[{"start":{"line":11,"column":12},"end":{"line":14,"column":13}},{"start":{},"end":{}}]},"1":{"loc":{"start":{"line":11,"column":15},"end":{"line":11,"column":43}},"type":"binary-expr","locations":[{"start":{"line":11,"column":15},"end":{"line":11,"column":20}},{"start":{"line":11,"column":24},"end":{"line":11,"column":30}},{"start":{"line":11,"column":34},"end":{"line":11,"column":43}}]},"2":{"loc":{"start":{"line":21,"column":12},"end":{"line":23,"column":13}},"type":"if","locations":[{"start":{"line":21,"column":12},"end":{"line":23,"column":13}},{"start":{},"end":{}}]},"3":{"loc":{"start":{"line":21,"column":16},"end":{"line":21,"column":54}},"type":"binary-expr","locations":[{"start":{"line":21,"column":16},"end":{"line":21,"column":20}},{"start":{"line":21,"column":24},"end":{"line":21,"column":54}}]}},"s":{"0":1,"1":1,"2":2,"3":2,"4":2,"5":1,"6":1,"7":1,"8":1,"9":0,"10":0,"11":0,"12":0,"13":0,"14":1,"15":1,"16":1,"17":1},"f":{"0":2,"1":1},"b":{"0":[1,1],"1":[2,1,1],"2":[1,0],"3":[1,1]}}
,"/Users/evaphilippo/dev/cda/projets/AstraLumen/server/src/repositories/UserRepository.ts": {"path":"/Users/evaphilippo/dev/cda/projets/AstraLumen/server/src/repositories/UserRepository.ts","statementMap":{"0":{"start":{"line":1,"column":0},"end":{"line":1,"column":27}},"1":{"start":{"line":8,"column":8},"end":{"line":16,"column":9}},"2":{"start":{"line":9,"column":24},"end":{"line":10,"column":null}},"3":{"start":{"line":12,"column":12},"end":{"line":12,"column":null}},"4":{"start":{"line":15,"column":12},"end":{"line":15,"column":null}},"5":{"start":{"line":20,"column":8},"end":{"line":25,"column":9}},"6":{"start":{"line":21,"column":27},"end":{"line":21,"column":80}},"7":{"start":{"line":22,"column":12},"end":{"line":22,"column":null}},"8":{"start":{"line":28,"column":4},"end":{"line":37,"column":5}},"9":{"start":{"line":29,"column":23},"end":{"line":31,"column":null}},"10":{"start":{"line":33,"column":8},"end":{"line":33,"column":31}},"11":{"start":{"line":35,"column":8},"end":{"line":35,"column":29}},"12":{"start":{"line":36,"column":8},"end":{"line":36,"column":18}},"13":{"start":{"line":5,"column":0},"end":{"line":5,"column":21}}},"fnMap":{"0":{"name":"(anonymous_0)","decl":{"start":{"line":7,"column":4},"end":{"line":7,"column":10}},"loc":{"start":{"line":7,"column":35},"end":{"line":18,"column":5}}},"1":{"name":"(anonymous_1)","decl":{"start":{"line":19,"column":4},"end":{"line":19,"column":10}},"loc":{"start":{"line":19,"column":24},"end":{"line":26,"column":5}}},"2":{"name":"(anonymous_2)","decl":{"start":{"line":27,"column":4},"end":{"line":27,"column":10}},"loc":{"start":{"line":27,"column":45},"end":{"line":38,"column":5}}}},"branchMap":{},"s":{"0":3,"1":1,"2":1,"3":1,"4":0,"5":0,"6":0,"7":0,"8":1,"9":1,"10":1,"11":0,"12":0,"13":3},"f":{"0":1,"1":0,"2":1},"b":{}}
}
